******************************
GENERATED THREE-ADDRESS CODE :-
******************************

0   : main: 
1   :    t0 = &x
2   :    param t0
3   :    t1 = call readInt, 1
4   :    x = t1
5   :    t3 = &y
6   :    param t3
7   :    t4 = call readInt, 1
8   :    y = t4
9   :    param t6
10  :    t7 = call printStr, 1
11  :    param t8
12  :    t9 = call printStr, 1
13  :    param x
14  :    t10 = call printInt, 1
15  :    param t11
16  :    t12 = call printStr, 1
17  :    param y
18  :    t13 = call printInt, 1
19  :    t14 = &x
20  :    param t14
21  :    t15 = &y
22  :    param t15
23  :    t16 = call swap, 2
24  :    param t17
25  :    t18 = call printStr, 1
26  :    param t19
27  :    t20 = call printStr, 1
28  :    param x
29  :    t21 = call printInt, 1
30  :    param t22
31  :    t23 = call printStr, 1
32  :    param y
33  :    t24 = call printInt, 1
34  :    t25 = 0
35  :    return t25

36  : swap: 

37  : swap: 
38  :    t0 = *p
39  :    t = t0
40  :    t2 = *p
41  :    t3 = *q
42  :    *p = t3
43  :    t4 = *q
44  :    *q = t
45  :    return 


****************************************
GENERATED SYMBOL TABLES FOR EACH SCOPE:-
****************************************


------------------------------------------------------------------------------------------------------------------------
SYMBOL TABLE : Global              
PARENT TABLE : NULL                
------------------------------------------------------------------------------------------------------------------------
NAME                     TYPE                     INITIAL VALUE            SIZE           OFFSET         NESTED TABLE
========================================================================================================================
printStr                 int                      -                        4              0              printStr
printInt                 int                      -                        4              4              printInt
readInt                  int                      -                        4              8              readInt
swap                     void                     -                        0              12             swap
main                     int                      -                        4              12             main
========================================================================================================================



------------------------------------------------------------------------------------------------------------------------
SYMBOL TABLE : printStr            
PARENT TABLE : Global              
------------------------------------------------------------------------------------------------------------------------
NAME                     TYPE                     INITIAL VALUE            SIZE           OFFSET         NESTED TABLE
========================================================================================================================
ch                       ptr(char)                -                        4              0              NULL
return                   int                      -                        4              4              NULL
========================================================================================================================



------------------------------------------------------------------------------------------------------------------------
SYMBOL TABLE : printInt            
PARENT TABLE : Global              
------------------------------------------------------------------------------------------------------------------------
NAME                     TYPE                     INITIAL VALUE            SIZE           OFFSET         NESTED TABLE
========================================================================================================================
n                        int                      -                        4              0              NULL
return                   int                      -                        4              4              NULL
========================================================================================================================



------------------------------------------------------------------------------------------------------------------------
SYMBOL TABLE : readInt             
PARENT TABLE : Global              
------------------------------------------------------------------------------------------------------------------------
NAME                     TYPE                     INITIAL VALUE            SIZE           OFFSET         NESTED TABLE
========================================================================================================================
eP                       ptr(int)                 -                        4              0              NULL
return                   int                      -                        4              4              NULL
========================================================================================================================



------------------------------------------------------------------------------------------------------------------------
SYMBOL TABLE : swap                
PARENT TABLE : Global              
------------------------------------------------------------------------------------------------------------------------
NAME                     TYPE                     INITIAL VALUE            SIZE           OFFSET         NESTED TABLE
========================================================================================================================
p                        ptr(int)                 -                        4              0              NULL
q                        ptr(int)                 -                        4              4              NULL
t                        int                      -                        4              8              NULL
t0                       int                      -                        4              12             NULL
t1                       int                      -                        4              16             NULL
t2                       int                      -                        4              20             NULL
t3                       int                      -                        4              24             NULL
t4                       int                      -                        4              28             NULL
========================================================================================================================



------------------------------------------------------------------------------------------------------------------------
SYMBOL TABLE : main                
PARENT TABLE : Global              
------------------------------------------------------------------------------------------------------------------------
NAME                     TYPE                     INITIAL VALUE            SIZE           OFFSET         NESTED TABLE
========================================================================================================================
return                   int                      -                        4              0              NULL
x                        int                      -                        4              4              NULL
y                        int                      -                        4              8              NULL
t0                       ptr(int)                 -                        4              12             NULL
t1                       int                      -                        4              16             NULL
t2                       int                      -                        4              20             NULL
t3                       ptr(int)                 -                        4              24             NULL
t4                       int                      -                        4              28             NULL
t5                       int                      -                        4              32             NULL
t6                       ptr(char)                "Before swap:\n"         4              36             NULL
t7                       int                      -                        4              40             NULL
t8                       ptr(char)                "x = "                   4              44             NULL
t9                       int                      -                        4              48             NULL
t10                      int                      -                        4              52             NULL
t11                      ptr(char)                " y = "                  4              56             NULL
t12                      int                      -                        4              60             NULL
t13                      int                      -                        4              64             NULL
t14                      ptr(int)                 -                        4              68             NULL
t15                      ptr(int)                 -                        4              72             NULL
t16                      void                     -                        0              76             NULL
t17                      ptr(char)                "\nAfter swap:\n"        4              76             NULL
t18                      int                      -                        4              80             NULL
t19                      ptr(char)                "x = "                   4              84             NULL
t20                      int                      -                        4              88             NULL
t21                      int                      -                        4              92             NULL
t22                      ptr(char)                " y = "                  4              96             NULL
t23                      int                      -                        4              100            NULL
t24                      int                      -                        4              104            NULL
t25                      int                      0                        4              108            NULL
========================================================================================================================



