******************************
GENERATED THREE-ADDRESS CODE :-
******************************

0   : main: 
1   :    t0 = 0
2   :    i = t0
3   :    t1 = 1
4   :    r = t1
5   :    t2 = &n
6   :    param t2
7   :    t3 = call readInt, 1
8   :    n = t3

9   : main.FOR$0: 
10  :    t0 = 1
11  :    i = t0
12  :    if i <= n goto 18
13  :    goto 21
14  :    t2 = 1
15  :    t3 = i + t2
16  :    i = t3
17  :    goto 12
18  :    t5 = r * i
19  :    r = t5
20  :    goto 14
21  :    param n
22  :    t5 = call printInt, 1
23  :    param t6
24  :    t7 = call printStr, 1
25  :    param r
26  :    t8 = call printInt, 1
27  :    t9 = 0
28  :    return t9


****************************************
GENERATED SYMBOL TABLES FOR EACH SCOPE:-
****************************************


------------------------------------------------------------------------------------------------------------------------
SYMBOL TABLE : Global              
PARENT TABLE : NULL                
------------------------------------------------------------------------------------------------------------------------
NAME                     TYPE                     INITIAL VALUE            SIZE           OFFSET         NESTED TABLE
========================================================================================================================
printStr                 int                      -                        4              0              printStr
printInt                 int                      -                        4              4              printInt
readInt                  int                      -                        4              8              readInt
main                     int                      -                        4              12             main
========================================================================================================================



------------------------------------------------------------------------------------------------------------------------
SYMBOL TABLE : printStr            
PARENT TABLE : Global              
------------------------------------------------------------------------------------------------------------------------
NAME                     TYPE                     INITIAL VALUE            SIZE           OFFSET         NESTED TABLE
========================================================================================================================
ch                       ptr(char)                -                        4              0              NULL
return                   int                      -                        4              4              NULL
========================================================================================================================



------------------------------------------------------------------------------------------------------------------------
SYMBOL TABLE : printInt            
PARENT TABLE : Global              
------------------------------------------------------------------------------------------------------------------------
NAME                     TYPE                     INITIAL VALUE            SIZE           OFFSET         NESTED TABLE
========================================================================================================================
n                        int                      -                        4              0              NULL
return                   int                      -                        4              4              NULL
========================================================================================================================



------------------------------------------------------------------------------------------------------------------------
SYMBOL TABLE : readInt             
PARENT TABLE : Global              
------------------------------------------------------------------------------------------------------------------------
NAME                     TYPE                     INITIAL VALUE            SIZE           OFFSET         NESTED TABLE
========================================================================================================================
eP                       ptr(int)                 -                        4              0              NULL
return                   int                      -                        4              4              NULL
========================================================================================================================



------------------------------------------------------------------------------------------------------------------------
SYMBOL TABLE : main                
PARENT TABLE : Global              
------------------------------------------------------------------------------------------------------------------------
NAME                     TYPE                     INITIAL VALUE            SIZE           OFFSET         NESTED TABLE
========================================================================================================================
return                   int                      -                        4              0              NULL
n                        int                      -                        4              4              NULL
i                        int                      0                        4              8              NULL
t0                       int                      0                        4              12             NULL
r                        int                      1                        4              16             NULL
t1                       int                      1                        4              20             NULL
t2                       ptr(int)                 -                        4              24             NULL
t3                       int                      -                        4              28             NULL
t4                       int                      -                        4              32             NULL
main.FOR$0               block                    -                        4              36             main.FOR$0
t5                       int                      -                        4              40             NULL
t6                       ptr(char)                "! = "                   4              44             NULL
t7                       int                      -                        4              48             NULL
t8                       int                      -                        4              52             NULL
t9                       int                      0                        4              56             NULL
========================================================================================================================



------------------------------------------------------------------------------------------------------------------------
SYMBOL TABLE : main.FOR$0          
PARENT TABLE : main                
------------------------------------------------------------------------------------------------------------------------
NAME                     TYPE                     INITIAL VALUE            SIZE           OFFSET         NESTED TABLE
========================================================================================================================
t0                       int                      1                        4              0              NULL
t1                       int                      -                        4              4              NULL
t2                       int                      1                        4              8              NULL
t3                       int                      -                        4              12             NULL
t4                       int                      -                        4              16             NULL
t5                       int                      -                        4              20             NULL
t6                       int                      -                        4              24             NULL
========================================================================================================================



