******************************
GENERATED THREE-ADDRESS CODE :-
******************************

0   : main: 
1   :    t0 = &n
2   :    param t0
3   :    t1 = call readInt, 1
4   :    n = t1

5   : main.FOR$0: 
6   :    t0 = 0
7   :    i = t0
8   :    if i < n goto 14
9   :    goto 21
10  :    t2 = 1
11  :    t3 = i + t2
12  :    i = t3
13  :    goto 8
14  :    t5 = &m
15  :    param t5
16  :    t6 = call readInt, 1
17  :    m = t6
18  :    t8 = i * 4
19  :    a[t8] = m
20  :    goto 10
21  :    t3 = 0
22  :    t4 = t3 * 4
23  :    t5 = a[t4]
24  :    m = t5

25  : main.FOR$1: 
26  :    t0 = 1
27  :    i = t0
28  :    if i < n goto 34
29  :    goto 44
30  :    t2 = 1
31  :    t3 = i + t2
32  :    i = t3
33  :    goto 28
34  :    t5 = i * 4
35  :    t6 = a[t5]
36  :    if t6 > m goto 39
37  :    goto 30
38  :    goto 43
39  :    t7 = i * 4
40  :    t8 = a[t7]
41  :    m = t8
42  :    goto 30
43  :    goto 30
44  :    param t7
45  :    t8 = call printStr, 1
46  :    t9 = 0
47  :    t10 = t9 * 4
48  :    t11 = a[t10]
49  :    param t11
50  :    t12 = call printInt, 1

51  : main.FOR$2: 
52  :    t0 = 1
53  :    i = t0
54  :    if i < n goto 60
55  :    goto 67
56  :    t2 = 1
57  :    t3 = i + t2
58  :    i = t3
59  :    goto 54
60  :    param t5
61  :    t6 = call printStr, 1
62  :    t7 = i * 4
63  :    t8 = a[t7]
64  :    param t8
65  :    t9 = call printInt, 1
66  :    goto 56
67  :    param t13
68  :    t14 = call printStr, 1
69  :    param m
70  :    t15 = call printInt, 1
71  :    t16 = 0
72  :    return t16


****************************************
GENERATED SYMBOL TABLES FOR EACH SCOPE:-
****************************************


------------------------------------------------------------------------------------------------------------------------
SYMBOL TABLE : Global              
PARENT TABLE : NULL                
------------------------------------------------------------------------------------------------------------------------
NAME                     TYPE                     INITIAL VALUE            SIZE           OFFSET         NESTED TABLE
========================================================================================================================
printStr                 int                      -                        4              0              printStr
printInt                 int                      -                        4              4              printInt
readInt                  int                      -                        4              8              readInt
main                     int                      -                        4              12             main
========================================================================================================================



------------------------------------------------------------------------------------------------------------------------
SYMBOL TABLE : printStr            
PARENT TABLE : Global              
------------------------------------------------------------------------------------------------------------------------
NAME                     TYPE                     INITIAL VALUE            SIZE           OFFSET         NESTED TABLE
========================================================================================================================
ch                       ptr(char)                -                        4              0              NULL
return                   int                      -                        4              4              NULL
========================================================================================================================



------------------------------------------------------------------------------------------------------------------------
SYMBOL TABLE : printInt            
PARENT TABLE : Global              
------------------------------------------------------------------------------------------------------------------------
NAME                     TYPE                     INITIAL VALUE            SIZE           OFFSET         NESTED TABLE
========================================================================================================================
n                        int                      -                        4              0              NULL
return                   int                      -                        4              4              NULL
========================================================================================================================



------------------------------------------------------------------------------------------------------------------------
SYMBOL TABLE : readInt             
PARENT TABLE : Global              
------------------------------------------------------------------------------------------------------------------------
NAME                     TYPE                     INITIAL VALUE            SIZE           OFFSET         NESTED TABLE
========================================================================================================================
eP                       ptr(int)                 -                        4              0              NULL
return                   int                      -                        4              4              NULL
========================================================================================================================



------------------------------------------------------------------------------------------------------------------------
SYMBOL TABLE : main                
PARENT TABLE : Global              
------------------------------------------------------------------------------------------------------------------------
NAME                     TYPE                     INITIAL VALUE            SIZE           OFFSET         NESTED TABLE
========================================================================================================================
return                   int                      -                        4              0              NULL
n                        int                      -                        4              4              NULL
a                        arr(10, int)             -                        -1             8              NULL
m                        int                      -                        4              7              NULL
i                        int                      -                        4              11             NULL
t0                       ptr(int)                 -                        4              15             NULL
t1                       int                      -                        4              19             NULL
t2                       int                      -                        4              23             NULL
main.FOR$0               block                    -                        4              27             main.FOR$0
t3                       int                      0                        4              31             NULL
t4                       int                      -                        4              35             NULL
t5                       int                      -                        4              39             NULL
t6                       int                      -                        4              43             NULL
main.FOR$1               block                    -                        4              47             main.FOR$1
t7                       ptr(char)                "Max of: "               4              51             NULL
t8                       int                      -                        4              55             NULL
t9                       int                      0                        4              59             NULL
t10                      int                      -                        4              63             NULL
t11                      int                      -                        4              67             NULL
t12                      int                      -                        4              71             NULL
main.FOR$2               block                    -                        4              75             main.FOR$2
t13                      ptr(char)                ": = "                   4              79             NULL
t14                      int                      -                        4              83             NULL
t15                      int                      -                        4              87             NULL
t16                      int                      0                        4              91             NULL
========================================================================================================================



------------------------------------------------------------------------------------------------------------------------
SYMBOL TABLE : main.FOR$0          
PARENT TABLE : main                
------------------------------------------------------------------------------------------------------------------------
NAME                     TYPE                     INITIAL VALUE            SIZE           OFFSET         NESTED TABLE
========================================================================================================================
t0                       int                      0                        4              0              NULL
t1                       int                      -                        4              4              NULL
t2                       int                      1                        4              8              NULL
t3                       int                      -                        4              12             NULL
t4                       int                      -                        4              16             NULL
t5                       ptr(int)                 -                        4              20             NULL
t6                       int                      -                        4              24             NULL
t7                       int                      -                        4              28             NULL
t8                       int                      -                        4              32             NULL
t9                       int                      -                        4              36             NULL
========================================================================================================================



------------------------------------------------------------------------------------------------------------------------
SYMBOL TABLE : main.FOR$1          
PARENT TABLE : main                
------------------------------------------------------------------------------------------------------------------------
NAME                     TYPE                     INITIAL VALUE            SIZE           OFFSET         NESTED TABLE
========================================================================================================================
t0                       int                      1                        4              0              NULL
t1                       int                      -                        4              4              NULL
t2                       int                      1                        4              8              NULL
t3                       int                      -                        4              12             NULL
t4                       int                      -                        4              16             NULL
t5                       int                      -                        4              20             NULL
t6                       int                      -                        4              24             NULL
t7                       int                      -                        4              28             NULL
t8                       int                      -                        4              32             NULL
t9                       int                      -                        4              36             NULL
========================================================================================================================



------------------------------------------------------------------------------------------------------------------------
SYMBOL TABLE : main.FOR$2          
PARENT TABLE : main                
------------------------------------------------------------------------------------------------------------------------
NAME                     TYPE                     INITIAL VALUE            SIZE           OFFSET         NESTED TABLE
========================================================================================================================
t0                       int                      1                        4              0              NULL
t1                       int                      -                        4              4              NULL
t2                       int                      1                        4              8              NULL
t3                       int                      -                        4              12             NULL
t4                       int                      -                        4              16             NULL
t5                       ptr(char)                ", "                     4              20             NULL
t6                       int                      -                        4              24             NULL
t7                       int                      -                        4              28             NULL
t8                       int                      -                        4              32             NULL
t9                       int                      -                        4              36             NULL
========================================================================================================================



