******************************
GENERATED THREE-ADDRESS CODE :-
******************************

0   : main: 
1   :    t0 = 2
2   :    x = t0
3   :    t1 = 3
4   :    y = t1
5   :    t2 = 1
6   :    z = t2
7   :    if x > y goto 10
8   :    goto 11
9   :    goto 15
10  :    goto 13
11  :    t3 = y
12  :    goto 15
13  :    t3 = x
14  :    goto 15
15  :    m = t3
16  :    if m > z goto 19
17  :    goto 20
18  :    goto 24
19  :    goto 22
20  :    t5 = z
21  :    goto 24
22  :    t5 = m
23  :    goto 24
24  :    m = t5
25  :    param t7
26  :    t8 = call printStr, 1
27  :    param x
28  :    t9 = call printInt, 1
29  :    param t10
30  :    t11 = call printStr, 1
31  :    param y
32  :    t12 = call printInt, 1
33  :    param t13
34  :    t14 = call printStr, 1
35  :    param z
36  :    t15 = call printInt, 1
37  :    param t16
38  :    t17 = call printStr, 1
39  :    param m
40  :    t18 = call printInt, 1
41  :    t19 = 0
42  :    return t19


****************************************
GENERATED SYMBOL TABLES FOR EACH SCOPE:-
****************************************


------------------------------------------------------------------------------------------------------------------------
SYMBOL TABLE : Global              
PARENT TABLE : NULL                
------------------------------------------------------------------------------------------------------------------------
NAME                     TYPE                     INITIAL VALUE            SIZE           OFFSET         NESTED TABLE
========================================================================================================================
printStr                 int                      -                        4              0              printStr
printInt                 int                      -                        4              4              printInt
readInt                  int                      -                        4              8              readInt
main                     int                      -                        4              12             main
========================================================================================================================



------------------------------------------------------------------------------------------------------------------------
SYMBOL TABLE : printStr            
PARENT TABLE : Global              
------------------------------------------------------------------------------------------------------------------------
NAME                     TYPE                     INITIAL VALUE            SIZE           OFFSET         NESTED TABLE
========================================================================================================================
ch                       ptr(char)                -                        4              0              NULL
return                   int                      -                        4              4              NULL
========================================================================================================================



------------------------------------------------------------------------------------------------------------------------
SYMBOL TABLE : printInt            
PARENT TABLE : Global              
------------------------------------------------------------------------------------------------------------------------
NAME                     TYPE                     INITIAL VALUE            SIZE           OFFSET         NESTED TABLE
========================================================================================================================
n                        int                      -                        4              0              NULL
return                   int                      -                        4              4              NULL
========================================================================================================================



------------------------------------------------------------------------------------------------------------------------
SYMBOL TABLE : readInt             
PARENT TABLE : Global              
------------------------------------------------------------------------------------------------------------------------
NAME                     TYPE                     INITIAL VALUE            SIZE           OFFSET         NESTED TABLE
========================================================================================================================
eP                       ptr(int)                 -                        4              0              NULL
return                   int                      -                        4              4              NULL
========================================================================================================================



------------------------------------------------------------------------------------------------------------------------
SYMBOL TABLE : main                
PARENT TABLE : Global              
------------------------------------------------------------------------------------------------------------------------
NAME                     TYPE                     INITIAL VALUE            SIZE           OFFSET         NESTED TABLE
========================================================================================================================
return                   int                      -                        4              0              NULL
x                        int                      2                        4              4              NULL
t0                       int                      2                        4              8              NULL
y                        int                      3                        4              12             NULL
t1                       int                      3                        4              16             NULL
z                        int                      1                        4              20             NULL
t2                       int                      1                        4              24             NULL
m                        int                      -                        4              28             NULL
t3                       int                      -                        4              32             NULL
t4                       int                      -                        4              36             NULL
t5                       int                      -                        4              40             NULL
t6                       int                      -                        4              44             NULL
t7                       ptr(char)                "max("                   4              48             NULL
t8                       int                      -                        4              52             NULL
t9                       int                      -                        4              56             NULL
t10                      ptr(char)                ", "                     4              60             NULL
t11                      int                      -                        4              64             NULL
t12                      int                      -                        4              68             NULL
t13                      ptr(char)                ", "                     4              72             NULL
t14                      int                      -                        4              76             NULL
t15                      int                      -                        4              80             NULL
t16                      ptr(char)                ") = "                   4              84             NULL
t17                      int                      -                        4              88             NULL
t18                      int                      -                        4              92             NULL
t19                      int                      0                        4              96             NULL
========================================================================================================================



