******************************
GENERATED THREE-ADDRESS CODE :-
******************************

0   : main: 
1   :    t0 = 2
2   :    x = t0
3   :    t1 = 3
4   :    y = t1
5   :    t2 = x + y
6   :    z = t2
7   :    param x
8   :    t4 = call printInt, 1
9   :    param t5
10  :    t6 = call printStr, 1
11  :    param y
12  :    t7 = call printInt, 1
13  :    param t8
14  :    t9 = call printStr, 1
15  :    param z
16  :    t10 = call printInt, 1
17  :    t11 = 0
18  :    return t11


****************************************
GENERATED SYMBOL TABLES FOR EACH SCOPE:-
****************************************


------------------------------------------------------------------------------------------------------------------------
SYMBOL TABLE : Global              
PARENT TABLE : NULL                
------------------------------------------------------------------------------------------------------------------------
NAME                     TYPE                     INITIAL VALUE            SIZE           OFFSET         NESTED TABLE
========================================================================================================================
printStr                 int                      -                        4              0              printStr
printInt                 int                      -                        4              4              printInt
readInt                  int                      -                        4              8              readInt
main                     int                      -                        4              12             main
========================================================================================================================



------------------------------------------------------------------------------------------------------------------------
SYMBOL TABLE : printStr            
PARENT TABLE : Global              
------------------------------------------------------------------------------------------------------------------------
NAME                     TYPE                     INITIAL VALUE            SIZE           OFFSET         NESTED TABLE
========================================================================================================================
ch                       ptr(char)                -                        4              0              NULL
return                   int                      -                        4              4              NULL
========================================================================================================================



------------------------------------------------------------------------------------------------------------------------
SYMBOL TABLE : printInt            
PARENT TABLE : Global              
------------------------------------------------------------------------------------------------------------------------
NAME                     TYPE                     INITIAL VALUE            SIZE           OFFSET         NESTED TABLE
========================================================================================================================
n                        int                      -                        4              0              NULL
return                   int                      -                        4              4              NULL
========================================================================================================================



------------------------------------------------------------------------------------------------------------------------
SYMBOL TABLE : readInt             
PARENT TABLE : Global              
------------------------------------------------------------------------------------------------------------------------
NAME                     TYPE                     INITIAL VALUE            SIZE           OFFSET         NESTED TABLE
========================================================================================================================
eP                       ptr(int)                 -                        4              0              NULL
return                   int                      -                        4              4              NULL
========================================================================================================================



------------------------------------------------------------------------------------------------------------------------
SYMBOL TABLE : main                
PARENT TABLE : Global              
------------------------------------------------------------------------------------------------------------------------
NAME                     TYPE                     INITIAL VALUE            SIZE           OFFSET         NESTED TABLE
========================================================================================================================
return                   int                      -                        4              0              NULL
x                        int                      2                        4              4              NULL
t0                       int                      2                        4              8              NULL
y                        int                      3                        4              12             NULL
t1                       int                      3                        4              16             NULL
z                        int                      -                        4              20             NULL
t2                       int                      -                        4              24             NULL
t3                       int                      -                        4              28             NULL
t4                       int                      -                        4              32             NULL
t5                       ptr(char)                "+"                      4              36             NULL
t6                       int                      -                        4              40             NULL
t7                       int                      -                        4              44             NULL
t8                       ptr(char)                " = "                    4              48             NULL
t9                       int                      -                        4              52             NULL
t10                      int                      -                        4              56             NULL
t11                      int                      0                        4              60             NULL
========================================================================================================================



