******************************
GENERATED THREE-ADDRESS CODE :-
******************************

0   : factorial: 
1   :    t0 = 0
2   :    if n == t0 goto 5
3   :    goto 8
4   :    goto 14
5   :    t1 = 1
6   :    return t1
7   :    goto 
8   :    t2 = 1
9   :    t3 = n - t2
10  :    param t3
11  :    t4 = call factorial, 1
12  :    t5 = n * t4
13  :    return t5

14  : main: 
15  :    t0 = 5
16  :    n = t0
17  :    param n
18  :    t1 = call factorial, 1
19  :    r = t1
20  :    param n
21  :    t3 = call printInt, 1
22  :    param t4
23  :    t5 = call printStr, 1
24  :    param r
25  :    t6 = call printInt, 1
26  :    t7 = 0
27  :    return t7


****************************************
GENERATED SYMBOL TABLES FOR EACH SCOPE:-
****************************************


------------------------------------------------------------------------------------------------------------------------
SYMBOL TABLE : Global              
PARENT TABLE : NULL                
------------------------------------------------------------------------------------------------------------------------
NAME                     TYPE                     INITIAL VALUE            SIZE           OFFSET         NESTED TABLE
========================================================================================================================
printStr                 int                      -                        4              0              printStr
printInt                 int                      -                        4              4              printInt
readInt                  int                      -                        4              8              readInt
factorial                int                      -                        4              12             factorial
main                     int                      -                        4              16             main
========================================================================================================================



------------------------------------------------------------------------------------------------------------------------
SYMBOL TABLE : printStr            
PARENT TABLE : Global              
------------------------------------------------------------------------------------------------------------------------
NAME                     TYPE                     INITIAL VALUE            SIZE           OFFSET         NESTED TABLE
========================================================================================================================
ch                       ptr(char)                -                        4              0              NULL
return                   int                      -                        4              4              NULL
========================================================================================================================



------------------------------------------------------------------------------------------------------------------------
SYMBOL TABLE : printInt            
PARENT TABLE : Global              
------------------------------------------------------------------------------------------------------------------------
NAME                     TYPE                     INITIAL VALUE            SIZE           OFFSET         NESTED TABLE
========================================================================================================================
n                        int                      -                        4              0              NULL
return                   int                      -                        4              4              NULL
========================================================================================================================



------------------------------------------------------------------------------------------------------------------------
SYMBOL TABLE : readInt             
PARENT TABLE : Global              
------------------------------------------------------------------------------------------------------------------------
NAME                     TYPE                     INITIAL VALUE            SIZE           OFFSET         NESTED TABLE
========================================================================================================================
eP                       ptr(int)                 -                        4              0              NULL
return                   int                      -                        4              4              NULL
========================================================================================================================



------------------------------------------------------------------------------------------------------------------------
SYMBOL TABLE : factorial           
PARENT TABLE : Global              
------------------------------------------------------------------------------------------------------------------------
NAME                     TYPE                     INITIAL VALUE            SIZE           OFFSET         NESTED TABLE
========================================================================================================================
n                        int                      -                        4              0              NULL
return                   int                      -                        4              4              NULL
t0                       int                      0                        4              8              NULL
t1                       int                      1                        4              12             NULL
t2                       int                      1                        4              16             NULL
t3                       int                      -                        4              20             NULL
t4                       int                      -                        4              24             NULL
t5                       int                      -                        4              28             NULL
========================================================================================================================



------------------------------------------------------------------------------------------------------------------------
SYMBOL TABLE : main                
PARENT TABLE : Global              
------------------------------------------------------------------------------------------------------------------------
NAME                     TYPE                     INITIAL VALUE            SIZE           OFFSET         NESTED TABLE
========================================================================================================================
return                   int                      -                        4              0              NULL
n                        int                      5                        4              4              NULL
t0                       int                      5                        4              8              NULL
r                        int                      -                        4              12             NULL
t1                       int                      -                        4              16             NULL
t2                       int                      -                        4              20             NULL
t3                       int                      -                        4              24             NULL
t4                       ptr(char)                "! = "                   4              28             NULL
t5                       int                      -                        4              32             NULL
t6                       int                      -                        4              36             NULL
t7                       int                      0                        4              40             NULL
========================================================================================================================



