******************************
GENERATED THREE-ADDRESS CODE :-
******************************

0   : main: 
1   :    param t0
2   :    t1 = call printStr, 1
3   :    t2 = &n
4   :    param t2
5   :    t3 = call readInt, 1
6   :    param t4
7   :    t5 = call printStr, 1
8   :    param n
9   :    t6 = call readArray, 1
10  :    param t7
11  :    t8 = call printStr, 1
12  :    param n
13  :    t9 = call printArray, 1
14  :    param n
15  :    t10 = call bubbleSort, 1
16  :    param t11
17  :    t12 = call printStr, 1
18  :    param n
19  :    t13 = call printArray, 1
20  :    t14 = 0
21  :    return t14

22  : swap: 

23  : swap: 
24  :    t0 = *p
25  :    t = t0
26  :    t1 = *p
27  :    t2 = *q
28  :    *p = t2
29  :    t3 = *q
30  :    *q = t

31  : readArray: 

32  : readArray: 

33  : readArray.FOR$0: 
34  :    t0 = 0
35  :    i = t0
36  :    if i < size goto 42
37  :    goto 
38  :    t2 = 1
39  :    t3 = i + t2
40  :    i = t3
41  :    goto 36
42  :    param t5
43  :    t6 = call printStr, 1
44  :    t7 = i * 4
45  :    t8 = &arr
46  :    param t8
47  :    t9 = call readInt, 1
48  :    goto 38

49  : printArray: 

50  : printArray: 

51  : printArray.FOR$0: 
52  :    t0 = 0
53  :    i = t0
54  :    if i < size goto 60
55  :    goto 67
56  :    t2 = 1
57  :    t3 = i + t2
58  :    i = t3
59  :    goto 54
60  :    t5 = i * 4
61  :    t6 = arr[t5]
62  :    param t6
63  :    t7 = call printInt, 1
64  :    param t8
65  :    t9 = call printStr, 1
66  :    goto 56
67  :    param t0
68  :    t1 = call printStr, 1

69  : bubbleSort: 

70  : bubbleSort: 

71  : bubbleSort.FOR$0: 
72  :    t0 = 0
73  :    i = t0
74  :    t2 = 1
75  :    t3 = n - t2
76  :    if i < t3 goto 82
77  :    goto 
78  :    t4 = 1
79  :    t5 = i + t4
80  :    i = t5
81  :    goto 74

82  : bubbleSort.FOR$0.FOR$1: 
83  :    t0 = 0
84  :    j = t0
85  :    t2 = n - i
86  :    t3 = 1
87  :    t4 = t2 - t3
88  :    if j < t4 goto 94
89  :    goto 78
90  :    t5 = 1
91  :    t6 = j + t5
92  :    j = t6
93  :    goto 85
94  :    t8 = j * 4
95  :    t9 = arr[t8]
96  :    t10 = 1
97  :    t11 = j + t10
98  :    t12 = t11 * 4
99  :    t13 = arr[t12]
100 :    if t9 > t13 goto 103
101 :    goto 90
102 :    goto 113
103 :    t14 = j * 4
104 :    t15 = &arr
105 :    param t15
106 :    t16 = 1
107 :    t17 = j + t16
108 :    t18 = t17 * 4
109 :    t19 = &arr
110 :    param t19
111 :    t20 = call swap, 2
112 :    goto 90
113 :    goto 90
114 :    goto 78


****************************************
GENERATED SYMBOL TABLES FOR EACH SCOPE:-
****************************************


------------------------------------------------------------------------------------------------------------------------
SYMBOL TABLE : Global              
PARENT TABLE : NULL                
------------------------------------------------------------------------------------------------------------------------
NAME                     TYPE                     INITIAL VALUE            SIZE           OFFSET         NESTED TABLE
========================================================================================================================
printStr                 int                      -                        4              0              printStr
printInt                 int                      -                        4              4              printInt
readInt                  int                      -                        4              8              readInt
swap                     void                     -                        0              12             swap
readArray                void                     -                        0              12             readArray
printArray               void                     -                        0              12             printArray
bubbleSort               void                     -                        0              12             bubbleSort
arr                      arr(20, int)             -                        -1             12             NULL
main                     int                      -                        4              11             main
========================================================================================================================



------------------------------------------------------------------------------------------------------------------------
SYMBOL TABLE : printStr            
PARENT TABLE : Global              
------------------------------------------------------------------------------------------------------------------------
NAME                     TYPE                     INITIAL VALUE            SIZE           OFFSET         NESTED TABLE
========================================================================================================================
ch                       ptr(char)                -                        4              0              NULL
return                   int                      -                        4              4              NULL
========================================================================================================================



------------------------------------------------------------------------------------------------------------------------
SYMBOL TABLE : printInt            
PARENT TABLE : Global              
------------------------------------------------------------------------------------------------------------------------
NAME                     TYPE                     INITIAL VALUE            SIZE           OFFSET         NESTED TABLE
========================================================================================================================
n                        int                      -                        4              0              NULL
return                   int                      -                        4              4              NULL
========================================================================================================================



------------------------------------------------------------------------------------------------------------------------
SYMBOL TABLE : readInt             
PARENT TABLE : Global              
------------------------------------------------------------------------------------------------------------------------
NAME                     TYPE                     INITIAL VALUE            SIZE           OFFSET         NESTED TABLE
========================================================================================================================
eP                       ptr(int)                 -                        4              0              NULL
return                   int                      -                        4              4              NULL
========================================================================================================================



------------------------------------------------------------------------------------------------------------------------
SYMBOL TABLE : swap                
PARENT TABLE : Global              
------------------------------------------------------------------------------------------------------------------------
NAME                     TYPE                     INITIAL VALUE            SIZE           OFFSET         NESTED TABLE
========================================================================================================================
p                        ptr(int)                 -                        4              0              NULL
q                        ptr(int)                 -                        4              4              NULL
t                        int                      -                        4              8              NULL
t0                       int                      -                        4              12             NULL
t1                       int                      -                        4              16             NULL
t2                       int                      -                        4              20             NULL
t3                       int                      -                        4              24             NULL
========================================================================================================================



------------------------------------------------------------------------------------------------------------------------
SYMBOL TABLE : readArray           
PARENT TABLE : Global              
------------------------------------------------------------------------------------------------------------------------
NAME                     TYPE                     INITIAL VALUE            SIZE           OFFSET         NESTED TABLE
========================================================================================================================
size                     int                      -                        4              0              NULL
i                        int                      -                        4              4              NULL
readArray.FOR$0          block                    -                        4              8              readArray.FOR$0
========================================================================================================================



------------------------------------------------------------------------------------------------------------------------
SYMBOL TABLE : readArray.FOR$0     
PARENT TABLE : readArray           
------------------------------------------------------------------------------------------------------------------------
NAME                     TYPE                     INITIAL VALUE            SIZE           OFFSET         NESTED TABLE
========================================================================================================================
t0                       int                      0                        4              0              NULL
t1                       int                      -                        4              4              NULL
t2                       int                      1                        4              8              NULL
t3                       int                      -                        4              12             NULL
t4                       int                      -                        4              16             NULL
t5                       ptr(char)                "Input next element\n"   4              20             NULL
t6                       int                      -                        4              24             NULL
t7                       int                      -                        4              28             NULL
t8                       ptr(arr(20, int))        -                        4              32             NULL
t9                       int                      -                        4              36             NULL
========================================================================================================================



------------------------------------------------------------------------------------------------------------------------
SYMBOL TABLE : printArray          
PARENT TABLE : Global              
------------------------------------------------------------------------------------------------------------------------
NAME                     TYPE                     INITIAL VALUE            SIZE           OFFSET         NESTED TABLE
========================================================================================================================
size                     int                      -                        4              0              NULL
i                        int                      -                        4              4              NULL
printArray.FOR$0         block                    -                        4              8              printArray.FOR$0
t0                       ptr(char)                "\n"                     4              12             NULL
t1                       int                      -                        4              16             NULL
========================================================================================================================



------------------------------------------------------------------------------------------------------------------------
SYMBOL TABLE : printArray.FOR$0    
PARENT TABLE : printArray          
------------------------------------------------------------------------------------------------------------------------
NAME                     TYPE                     INITIAL VALUE            SIZE           OFFSET         NESTED TABLE
========================================================================================================================
t0                       int                      0                        4              0              NULL
t1                       int                      -                        4              4              NULL
t2                       int                      1                        4              8              NULL
t3                       int                      -                        4              12             NULL
t4                       int                      -                        4              16             NULL
t5                       int                      -                        4              20             NULL
t6                       int                      -                        4              24             NULL
t7                       int                      -                        4              28             NULL
t8                       ptr(char)                " "                      4              32             NULL
t9                       int                      -                        4              36             NULL
========================================================================================================================



------------------------------------------------------------------------------------------------------------------------
SYMBOL TABLE : bubbleSort          
PARENT TABLE : Global              
------------------------------------------------------------------------------------------------------------------------
NAME                     TYPE                     INITIAL VALUE            SIZE           OFFSET         NESTED TABLE
========================================================================================================================
n                        int                      -                        4              0              NULL
i                        int                      -                        4              4              NULL
j                        int                      -                        4              8              NULL
bubbleSort.FOR$0         block                    -                        4              12             bubbleSort.FOR$0
========================================================================================================================



------------------------------------------------------------------------------------------------------------------------
SYMBOL TABLE : bubbleSort.FOR$0    
PARENT TABLE : bubbleSort          
------------------------------------------------------------------------------------------------------------------------
NAME                     TYPE                     INITIAL VALUE            SIZE           OFFSET         NESTED TABLE
========================================================================================================================
t0                       int                      0                        4              0              NULL
t1                       int                      -                        4              4              NULL
t2                       int                      1                        4              8              NULL
t3                       int                      -                        4              12             NULL
t4                       int                      1                        4              16             NULL
t5                       int                      -                        4              20             NULL
t6                       int                      -                        4              24             NULL
bubbleSort.FOR$0.FOR$1   block                    -                        4              28             bubbleSort.FOR$0.FOR$1
========================================================================================================================



------------------------------------------------------------------------------------------------------------------------
SYMBOL TABLE : bubbleSort.FOR$0.FOR$1
PARENT TABLE : bubbleSort.FOR$0    
------------------------------------------------------------------------------------------------------------------------
NAME                     TYPE                     INITIAL VALUE            SIZE           OFFSET         NESTED TABLE
========================================================================================================================
t0                       int                      0                        4              0              NULL
t1                       int                      -                        4              4              NULL
t2                       int                      -                        4              8              NULL
t3                       int                      1                        4              12             NULL
t4                       int                      -                        4              16             NULL
t5                       int                      1                        4              20             NULL
t6                       int                      -                        4              24             NULL
t7                       int                      -                        4              28             NULL
t8                       int                      -                        4              32             NULL
t9                       int                      -                        4              36             NULL
t10                      int                      1                        4              40             NULL
t11                      int                      -                        4              44             NULL
t12                      int                      -                        4              48             NULL
t13                      int                      -                        4              52             NULL
t14                      int                      -                        4              56             NULL
t15                      ptr(arr(20, int))        -                        4              60             NULL
t16                      int                      1                        4              64             NULL
t17                      int                      -                        4              68             NULL
t18                      int                      -                        4              72             NULL
t19                      ptr(arr(20, int))        -                        4              76             NULL
t20                      void                     -                        0              80             NULL
========================================================================================================================



------------------------------------------------------------------------------------------------------------------------
SYMBOL TABLE : main                
PARENT TABLE : Global              
------------------------------------------------------------------------------------------------------------------------
NAME                     TYPE                     INITIAL VALUE            SIZE           OFFSET         NESTED TABLE
========================================================================================================================
return                   int                      -                        4              0              NULL
n                        int                      -                        4              4              NULL
t0                       ptr(char)                "Input array size: \n"   4              8              NULL
t1                       int                      -                        4              12             NULL
t2                       ptr(int)                 -                        4              16             NULL
t3                       int                      -                        4              20             NULL
t4                       ptr(char)                "Input array elements: \n"4              24             NULL
t5                       int                      -                        4              28             NULL
t6                       void                     -                        0              32             NULL
t7                       ptr(char)                "Input array: \n"        4              32             NULL
t8                       int                      -                        4              36             NULL
t9                       void                     -                        0              40             NULL
t10                      void                     -                        0              40             NULL
t11                      ptr(char)                "Sorted array: \n"       4              40             NULL
t12                      int                      -                        4              44             NULL
t13                      void                     -                        0              48             NULL
t14                      int                      0                        4              48             NULL
========================================================================================================================



