******************************
GENERATED THREE-ADDRESS CODE :-
******************************

0   : binarySearch: 
1   :    if r >= l goto 4
2   :    goto 38
3   :    goto 38

4   : binarySearch.$0: 
5   :    t0 = r - l
6   :    t1 = 2
7   :    t2 = t0 / t1
8   :    t3 = l + t2
9   :    mid = t3
10  :    t4 = mid * 4
11  :    t5 = arr[t4]
12  :    if t5 == x goto 15
13  :    goto 17
14  :    goto 17
15  :    return mid
16  :    goto 17
17  :    t6 = mid * 4
18  :    t7 = arr[t6]
19  :    if t7 > x goto 22
20  :    goto 30
21  :    goto 30
22  :    param l
23  :    t8 = 1
24  :    t9 = mid - t8
25  :    param t9
26  :    param x
27  :    t10 = call binarySearch, 3
28  :    return t10
29  :    goto 30
30  :    t11 = 1
31  :    t12 = mid + t11
32  :    param t12
33  :    param r
34  :    param x
35  :    t13 = call binarySearch, 3
36  :    return t13
37  :    goto 38
38  :    t0 = 1
39  :    t1 = -t0
40  :    return t1

41  : main: 
42  :    t0 = 5
43  :    n = t0
44  :    t1 = 0
45  :    t2 = t1 * 4
46  :    t3 = 2
47  :    arr[t2] = t3
48  :    t5 = 1
49  :    t6 = t5 * 4
50  :    t7 = 3
51  :    arr[t6] = t7
52  :    t9 = 2
53  :    t10 = t9 * 4
54  :    t11 = 4
55  :    arr[t10] = t11
56  :    t13 = 3
57  :    t14 = t13 * 4
58  :    t15 = 10
59  :    arr[t14] = t15
60  :    t17 = 4
61  :    t18 = t17 * 4
62  :    t19 = 40
63  :    arr[t18] = t19
64  :    t21 = 10
65  :    x = t21
66  :    t22 = 0
67  :    param t22
68  :    t23 = 1
69  :    t24 = n - t23
70  :    param t24
71  :    param x
72  :    t25 = call binarySearch, 3
73  :    result = t25
74  :    t26 = 1
75  :    t27 = -t26
76  :    if result == t27 goto 79
77  :    goto 82
78  :    goto 87
79  :    param t28
80  :    t29 = call printStr, 1
81  :    goto 87

82  : main.$0: 
83  :    param t0
84  :    t1 = call printStr, 1
85  :    param result
86  :    t2 = call printInt, 1
87  :    t30 = 0
88  :    return t30


****************************************
GENERATED SYMBOL TABLES FOR EACH SCOPE:-
****************************************


------------------------------------------------------------------------------------------------------------------------
SYMBOL TABLE : Global              
PARENT TABLE : NULL                
------------------------------------------------------------------------------------------------------------------------
NAME                     TYPE                     INITIAL VALUE            SIZE           OFFSET         NESTED TABLE
========================================================================================================================
printStr                 int                      -                        4              0              printStr
printInt                 int                      -                        4              4              printInt
readInt                  int                      -                        4              8              readInt
arr                      arr(10, int)             -                        -1             12             NULL
binarySearch             int                      -                        4              11             binarySearch
main                     int                      -                        4              15             main
========================================================================================================================



------------------------------------------------------------------------------------------------------------------------
SYMBOL TABLE : printStr            
PARENT TABLE : Global              
------------------------------------------------------------------------------------------------------------------------
NAME                     TYPE                     INITIAL VALUE            SIZE           OFFSET         NESTED TABLE
========================================================================================================================
ch                       ptr(char)                -                        4              0              NULL
return                   int                      -                        4              4              NULL
========================================================================================================================



------------------------------------------------------------------------------------------------------------------------
SYMBOL TABLE : printInt            
PARENT TABLE : Global              
------------------------------------------------------------------------------------------------------------------------
NAME                     TYPE                     INITIAL VALUE            SIZE           OFFSET         NESTED TABLE
========================================================================================================================
n                        int                      -                        4              0              NULL
return                   int                      -                        4              4              NULL
========================================================================================================================



------------------------------------------------------------------------------------------------------------------------
SYMBOL TABLE : readInt             
PARENT TABLE : Global              
------------------------------------------------------------------------------------------------------------------------
NAME                     TYPE                     INITIAL VALUE            SIZE           OFFSET         NESTED TABLE
========================================================================================================================
eP                       ptr(int)                 -                        4              0              NULL
return                   int                      -                        4              4              NULL
========================================================================================================================



------------------------------------------------------------------------------------------------------------------------
SYMBOL TABLE : binarySearch        
PARENT TABLE : Global              
------------------------------------------------------------------------------------------------------------------------
NAME                     TYPE                     INITIAL VALUE            SIZE           OFFSET         NESTED TABLE
========================================================================================================================
l                        int                      -                        4              0              NULL
r                        int                      -                        4              4              NULL
x                        int                      -                        4              8              NULL
return                   int                      -                        4              12             NULL
binarySearch.$0          block                    -                        4              16             binarySearch.$0
t0                       int                      1                        4              20             NULL
t1                       int                      -                        4              24             NULL
========================================================================================================================



------------------------------------------------------------------------------------------------------------------------
SYMBOL TABLE : binarySearch.$0     
PARENT TABLE : binarySearch        
------------------------------------------------------------------------------------------------------------------------
NAME                     TYPE                     INITIAL VALUE            SIZE           OFFSET         NESTED TABLE
========================================================================================================================
mid                      int                      -                        4              0              NULL
t0                       int                      -                        4              4              NULL
t1                       int                      2                        4              8              NULL
t2                       int                      -                        4              12             NULL
t3                       int                      -                        4              16             NULL
t4                       int                      -                        4              20             NULL
t5                       int                      -                        4              24             NULL
t6                       int                      -                        4              28             NULL
t7                       int                      -                        4              32             NULL
t8                       int                      1                        4              36             NULL
t9                       int                      -                        4              40             NULL
t10                      int                      -                        4              44             NULL
t11                      int                      1                        4              48             NULL
t12                      int                      -                        4              52             NULL
t13                      int                      -                        4              56             NULL
========================================================================================================================



------------------------------------------------------------------------------------------------------------------------
SYMBOL TABLE : main                
PARENT TABLE : Global              
------------------------------------------------------------------------------------------------------------------------
NAME                     TYPE                     INITIAL VALUE            SIZE           OFFSET         NESTED TABLE
========================================================================================================================
return                   int                      -                        4              0              NULL
n                        int                      5                        4              4              NULL
t0                       int                      5                        4              8              NULL
t1                       int                      0                        4              12             NULL
t2                       int                      -                        4              16             NULL
t3                       int                      2                        4              20             NULL
t4                       int                      -                        4              24             NULL
t5                       int                      1                        4              28             NULL
t6                       int                      -                        4              32             NULL
t7                       int                      3                        4              36             NULL
t8                       int                      -                        4              40             NULL
t9                       int                      2                        4              44             NULL
t10                      int                      -                        4              48             NULL
t11                      int                      4                        4              52             NULL
t12                      int                      -                        4              56             NULL
t13                      int                      3                        4              60             NULL
t14                      int                      -                        4              64             NULL
t15                      int                      10                       4              68             NULL
t16                      int                      -                        4              72             NULL
t17                      int                      4                        4              76             NULL
t18                      int                      -                        4              80             NULL
t19                      int                      40                       4              84             NULL
t20                      int                      -                        4              88             NULL
x                        int                      10                       4              92             NULL
t21                      int                      10                       4              96             NULL
result                   int                      -                        4              100            NULL
t22                      int                      0                        4              104            NULL
t23                      int                      1                        4              108            NULL
t24                      int                      -                        4              112            NULL
t25                      int                      -                        4              116            NULL
t26                      int                      1                        4              120            NULL
t27                      int                      -                        4              124            NULL
t28                      ptr(char)                "Element is not present in array"4              128            NULL
t29                      int                      -                        4              132            NULL
main.$0                  block                    -                        4              136            main.$0
t30                      int                      0                        4              140            NULL
========================================================================================================================



------------------------------------------------------------------------------------------------------------------------
SYMBOL TABLE : main.$0             
PARENT TABLE : main                
------------------------------------------------------------------------------------------------------------------------
NAME                     TYPE                     INITIAL VALUE            SIZE           OFFSET         NESTED TABLE
========================================================================================================================
t0                       ptr(char)                "Element is present at index "4              0              NULL
t1                       int                      -                        4              4              NULL
t2                       int                      -                        4              8              NULL
========================================================================================================================



