******************************
GENERATED THREE-ADDRESS CODE :-
******************************

0   : fibonacci: 
1   :    t0 = 2
2   :    t1 = n % t0
3   :    t2 = 0
4   :    if t1 == t2 goto 7
5   :    goto 10
6   :    goto 16
7   :    param n
8   :    t3 = call f_even, 1
9   :    goto 14
10  :    param n
11  :    t4 = call f_odd, 1
12  :    t5 = t4
13  :    goto 16
14  :    t5 = t3
15  :    goto 16
16  :    return t5

17  : f_odd: 

18  : f_odd: 
19  :    t0 = 1
20  :    if n == t0 goto 23
21  :    goto 25
22  :    goto 38
23  :    t1 = 1
24  :    goto 36
25  :    t2 = 1
26  :    t3 = n - t2
27  :    param t3
28  :    t4 = call f_even, 1
29  :    t5 = 2
30  :    t6 = n - t5
31  :    param t6
32  :    t7 = call f_odd, 1
33  :    t8 = t4 + t7
34  :    t9 = t8
35  :    goto 38
36  :    t9 = t1
37  :    goto 38
38  :    return t9

39  : f_even: 

40  : f_even: 
41  :    t0 = 0
42  :    if n == t0 goto 45
43  :    goto 47
44  :    goto 60
45  :    t1 = 0
46  :    goto 58
47  :    t2 = 1
48  :    t3 = n - t2
49  :    param t3
50  :    t4 = call f_odd, 1
51  :    t5 = 2
52  :    t6 = n - t5
53  :    param t6
54  :    t7 = call f_even, 1
55  :    t8 = t4 + t7
56  :    t9 = t8
57  :    goto 60
58  :    t9 = t1
59  :    goto 60
60  :    return t9

61  : main: 
62  :    t0 = 10
63  :    n = t0
64  :    param n
65  :    t1 = call fibonacci, 1
66  :    r = t1
67  :    param t3
68  :    t4 = call printStr, 1
69  :    param n
70  :    t5 = call printInt, 1
71  :    param t6
72  :    t7 = call printStr, 1
73  :    param r
74  :    t8 = call printInt, 1
75  :    t9 = 0
76  :    return t9


****************************************
GENERATED SYMBOL TABLES FOR EACH SCOPE:-
****************************************


------------------------------------------------------------------------------------------------------------------------
SYMBOL TABLE : Global              
PARENT TABLE : NULL                
------------------------------------------------------------------------------------------------------------------------
NAME                     TYPE                     INITIAL VALUE            SIZE           OFFSET         NESTED TABLE
========================================================================================================================
printStr                 int                      -                        4              0              printStr
printInt                 int                      -                        4              4              printInt
readInt                  int                      -                        4              8              readInt
f_odd                    int                      -                        4              12             f_odd
f_even                   int                      -                        4              16             f_even
fibonacci                int                      -                        4              20             fibonacci
main                     int                      -                        4              24             main
========================================================================================================================



------------------------------------------------------------------------------------------------------------------------
SYMBOL TABLE : printStr            
PARENT TABLE : Global              
------------------------------------------------------------------------------------------------------------------------
NAME                     TYPE                     INITIAL VALUE            SIZE           OFFSET         NESTED TABLE
========================================================================================================================
ch                       ptr(char)                -                        4              0              NULL
return                   int                      -                        4              4              NULL
========================================================================================================================



------------------------------------------------------------------------------------------------------------------------
SYMBOL TABLE : printInt            
PARENT TABLE : Global              
------------------------------------------------------------------------------------------------------------------------
NAME                     TYPE                     INITIAL VALUE            SIZE           OFFSET         NESTED TABLE
========================================================================================================================
n                        int                      -                        4              0              NULL
return                   int                      -                        4              4              NULL
========================================================================================================================



------------------------------------------------------------------------------------------------------------------------
SYMBOL TABLE : readInt             
PARENT TABLE : Global              
------------------------------------------------------------------------------------------------------------------------
NAME                     TYPE                     INITIAL VALUE            SIZE           OFFSET         NESTED TABLE
========================================================================================================================
eP                       ptr(int)                 -                        4              0              NULL
return                   int                      -                        4              4              NULL
========================================================================================================================



------------------------------------------------------------------------------------------------------------------------
SYMBOL TABLE : f_odd               
PARENT TABLE : Global              
------------------------------------------------------------------------------------------------------------------------
NAME                     TYPE                     INITIAL VALUE            SIZE           OFFSET         NESTED TABLE
========================================================================================================================
return                   int                      -                        4              0              NULL
n                        int                      -                        4              4              NULL
t0                       int                      1                        4              8              NULL
t1                       int                      1                        4              12             NULL
t2                       int                      1                        4              16             NULL
t3                       int                      -                        4              20             NULL
t4                       int                      -                        4              24             NULL
t5                       int                      2                        4              28             NULL
t6                       int                      -                        4              32             NULL
t7                       int                      -                        4              36             NULL
t8                       int                      -                        4              40             NULL
t9                       int                      -                        4              44             NULL
========================================================================================================================



------------------------------------------------------------------------------------------------------------------------
SYMBOL TABLE : f_even              
PARENT TABLE : Global              
------------------------------------------------------------------------------------------------------------------------
NAME                     TYPE                     INITIAL VALUE            SIZE           OFFSET         NESTED TABLE
========================================================================================================================
return                   int                      -                        4              0              NULL
n                        int                      -                        4              4              NULL
t0                       int                      0                        4              8              NULL
t1                       int                      0                        4              12             NULL
t2                       int                      1                        4              16             NULL
t3                       int                      -                        4              20             NULL
t4                       int                      -                        4              24             NULL
t5                       int                      2                        4              28             NULL
t6                       int                      -                        4              32             NULL
t7                       int                      -                        4              36             NULL
t8                       int                      -                        4              40             NULL
t9                       int                      -                        4              44             NULL
========================================================================================================================



------------------------------------------------------------------------------------------------------------------------
SYMBOL TABLE : fibonacci           
PARENT TABLE : Global              
------------------------------------------------------------------------------------------------------------------------
NAME                     TYPE                     INITIAL VALUE            SIZE           OFFSET         NESTED TABLE
========================================================================================================================
n                        int                      -                        4              0              NULL
return                   int                      -                        4              4              NULL
t0                       int                      2                        4              8              NULL
t1                       int                      -                        4              12             NULL
t2                       int                      0                        4              16             NULL
t3                       int                      -                        4              20             NULL
t4                       int                      -                        4              24             NULL
t5                       int                      -                        4              28             NULL
========================================================================================================================



------------------------------------------------------------------------------------------------------------------------
SYMBOL TABLE : main                
PARENT TABLE : Global              
------------------------------------------------------------------------------------------------------------------------
NAME                     TYPE                     INITIAL VALUE            SIZE           OFFSET         NESTED TABLE
========================================================================================================================
return                   int                      -                        4              0              NULL
n                        int                      10                       4              4              NULL
t0                       int                      10                       4              8              NULL
r                        int                      -                        4              12             NULL
t1                       int                      -                        4              16             NULL
t2                       int                      -                        4              20             NULL
t3                       ptr(char)                "fibo("                  4              24             NULL
t4                       int                      -                        4              28             NULL
t5                       int                      -                        4              32             NULL
t6                       ptr(char)                ") = "                   4              36             NULL
t7                       int                      -                        4              40             NULL
t8                       int                      -                        4              44             NULL
t9                       int                      0                        4              48             NULL
========================================================================================================================



