******************************
GENERATED THREE-ADDRESS CODE :-
******************************

0   : main: 
1   :    t0 = &x
2   :    param t0
3   :    t1 = call readInt, 1
4   :    x = t1
5   :    t3 = &y
6   :    param t3
7   :    t4 = call readInt, 1
8   :    y = t4
9   :    t6 = x + y
10  :    z = t6
11  :    param x
12  :    t8 = call printInt, 1
13  :    param t9
14  :    t10 = call printStr, 1
15  :    param y
16  :    t11 = call printInt, 1
17  :    param t12
18  :    t13 = call printStr, 1
19  :    param z
20  :    t14 = call printInt, 1
21  :    t15 = 0
22  :    return t15


****************************************
GENERATED SYMBOL TABLES FOR EACH SCOPE:-
****************************************


------------------------------------------------------------------------------------------------------------------------
SYMBOL TABLE : Global              
PARENT TABLE : NULL                
------------------------------------------------------------------------------------------------------------------------
NAME                     TYPE                     INITIAL VALUE            SIZE           OFFSET         NESTED TABLE
========================================================================================================================
printStr                 int                      -                        4              0              printStr
printInt                 int                      -                        4              4              printInt
readInt                  int                      -                        4              8              readInt
main                     int                      -                        4              12             main
========================================================================================================================



------------------------------------------------------------------------------------------------------------------------
SYMBOL TABLE : printStr            
PARENT TABLE : Global              
------------------------------------------------------------------------------------------------------------------------
NAME                     TYPE                     INITIAL VALUE            SIZE           OFFSET         NESTED TABLE
========================================================================================================================
ch                       ptr(char)                -                        4              0              NULL
return                   int                      -                        4              4              NULL
========================================================================================================================



------------------------------------------------------------------------------------------------------------------------
SYMBOL TABLE : printInt            
PARENT TABLE : Global              
------------------------------------------------------------------------------------------------------------------------
NAME                     TYPE                     INITIAL VALUE            SIZE           OFFSET         NESTED TABLE
========================================================================================================================
n                        int                      -                        4              0              NULL
return                   int                      -                        4              4              NULL
========================================================================================================================



------------------------------------------------------------------------------------------------------------------------
SYMBOL TABLE : readInt             
PARENT TABLE : Global              
------------------------------------------------------------------------------------------------------------------------
NAME                     TYPE                     INITIAL VALUE            SIZE           OFFSET         NESTED TABLE
========================================================================================================================
eP                       ptr(int)                 -                        4              0              NULL
return                   int                      -                        4              4              NULL
========================================================================================================================



------------------------------------------------------------------------------------------------------------------------
SYMBOL TABLE : main                
PARENT TABLE : Global              
------------------------------------------------------------------------------------------------------------------------
NAME                     TYPE                     INITIAL VALUE            SIZE           OFFSET         NESTED TABLE
========================================================================================================================
return                   int                      -                        4              0              NULL
x                        int                      -                        4              4              NULL
y                        int                      -                        4              8              NULL
z                        int                      -                        4              12             NULL
t0                       ptr(int)                 -                        4              16             NULL
t1                       int                      -                        4              20             NULL
t2                       int                      -                        4              24             NULL
t3                       ptr(int)                 -                        4              28             NULL
t4                       int                      -                        4              32             NULL
t5                       int                      -                        4              36             NULL
t6                       int                      -                        4              40             NULL
t7                       int                      -                        4              44             NULL
t8                       int                      -                        4              48             NULL
t9                       ptr(char)                "+"                      4              52             NULL
t10                      int                      -                        4              56             NULL
t11                      int                      -                        4              60             NULL
t12                      ptr(char)                " = "                    4              64             NULL
t13                      int                      -                        4              68             NULL
t14                      int                      -                        4              72             NULL
t15                      int                      0                        4              76             NULL
========================================================================================================================



